<?xml version="1.0" encoding="UTF-8"?>
<testsuite name="SpeakerDeckApiTest" tests="1" skipped="0" failures="0" errors="0" timestamp="2021-06-19T23:43:11" hostname="ByIvoPC.local" time="0.042">
  <properties/>
  <testcase name="shouldWork()" classname="SpeakerDeckApiTest" time="0.042"/>
  <system-out><![CDATA[]]></system-out>
  <system-err><![CDATA[]]></system-err>
</testsuite>
